2025-08-04T11:38:19.807+05:30  INFO 12900 --- [spbootdeployment] [main] c.e.s.SpbootdeploymentApplication        : Starting SpbootdeploymentApplication using Java 21.0.3 with PID 12900 (D:\AAD\SPRINGBOOT\spbootdeployment\target\classes started by Nethmi in D:\AAD\SPRINGBOOT\spbootdeployment)
2025-08-04T11:38:19.808+05:30  INFO 12900 --- [spbootdeployment] [main] c.e.s.SpbootdeploymentApplication        : No active profile set, falling back to 1 default profile: "default"
2025-08-04T11:38:20.264+05:30  INFO 12900 --- [spbootdeployment] [main] .s.d.r.c.RepositoryConfigurationDelegate : Bootstrapping Spring Data JPA repositories in DEFAULT mode.
2025-08-04T11:38:20.305+05:30  INFO 12900 --- [spbootdeployment] [main] .s.d.r.c.RepositoryConfigurationDelegate : Finished Spring Data repository scanning in 35 ms. Found 1 JPA repository interface.
2025-08-04T11:38:20.590+05:30  INFO 12900 --- [spbootdeployment] [main] o.s.b.w.embedded.tomcat.TomcatWebServer  : Tomcat initialized with port 8080 (http)
2025-08-04T11:38:20.601+05:30  INFO 12900 --- [spbootdeployment] [main] o.apache.catalina.core.StandardService   : Starting service [Tomcat]
2025-08-04T11:38:20.601+05:30  INFO 12900 --- [spbootdeployment] [main] o.apache.catalina.core.StandardEngine    : Starting Servlet engine: [Apache Tomcat/10.1.43]
2025-08-04T11:38:20.638+05:30  INFO 12900 --- [spbootdeployment] [main] o.a.c.c.C.[Tomcat].[localhost].[/]       : Initializing Spring embedded WebApplicationContext
2025-08-04T11:38:20.639+05:30  INFO 12900 --- [spbootdeployment] [main] w.s.c.ServletWebServerApplicationContext : Root WebApplicationContext: initialization completed in 801 ms
2025-08-04T11:38:20.753+05:30  INFO 12900 --- [spbootdeployment] [main] o.hibernate.jpa.internal.util.LogHelper  : HHH000204: Processing PersistenceUnitInfo [name: default]
2025-08-04T11:38:20.814+05:30  INFO 12900 --- [spbootdeployment] [main] org.hibernate.Version                    : HHH000412: Hibernate ORM core version 6.6.22.Final
2025-08-04T11:38:20.846+05:30  INFO 12900 --- [spbootdeployment] [main] o.h.c.internal.RegionFactoryInitiator    : HHH000026: Second-level cache disabled
2025-08-04T11:38:21.086+05:30  INFO 12900 --- [spbootdeployment] [main] o.s.o.j.p.SpringPersistenceUnitInfo      : No LoadTimeWeaver setup: ignoring JPA class transformer
2025-08-04T11:38:21.109+05:30  INFO 12900 --- [spbootdeployment] [main] com.zaxxer.hikari.HikariDataSource       : HikariPool-1 - Starting...
2025-08-04T11:38:25.616+05:30  INFO 12900 --- [spbootdeployment] [main] com.zaxxer.hikari.pool.HikariPool        : HikariPool-1 - Added connection com.mysql.cj.jdbc.ConnectionImpl@35e75f7a
2025-08-04T11:38:25.619+05:30  INFO 12900 --- [spbootdeployment] [main] com.zaxxer.hikari.HikariDataSource       : HikariPool-1 - Start completed.
2025-08-04T11:38:26.303+05:30  WARN 12900 --- [spbootdeployment] [main] org.hibernate.orm.deprecation            : HHH90000025: MySQLDialect does not need to be specified explicitly using 'hibernate.dialect' (remove the property setting and it will be selected by default)
2025-08-04T11:38:26.317+05:30  INFO 12900 --- [spbootdeployment] [main] org.hibernate.orm.connections.pooling    : HHH10001005: Database info:
	Database JDBC URL [Connecting through datasource 'HikariDataSource (HikariPool-1)']
	Database driver: undefined/unknown
	Database version: 9.4
	Autocommit mode: undefined/unknown
	Isolation level: undefined/unknown
	Minimum pool size: undefined/unknown
	Maximum pool size: undefined/unknown
2025-08-04T11:38:26.902+05:30  INFO 12900 --- [spbootdeployment] [main] o.h.e.t.j.p.i.JtaPlatformInitiator       : HHH000489: No JTA platform available (set 'hibernate.transaction.jta.platform' to enable JTA platform integration)
2025-08-04T11:38:27.678+05:30  INFO 12900 --- [spbootdeployment] [main] j.LocalContainerEntityManagerFactoryBean : Initialized JPA EntityManagerFactory for persistence unit 'default'
2025-08-04T11:38:27.806+05:30  WARN 12900 --- [spbootdeployment] [main] JpaBaseConfiguration$JpaWebConfiguration : spring.jpa.open-in-view is enabled by default. Therefore, database queries may be performed during view rendering. Explicitly configure spring.jpa.open-in-view to disable this warning
2025-08-04T11:38:27.889+05:30 DEBUG 12900 --- [spbootdeployment] [main] s.w.s.m.m.a.RequestMappingHandlerMapping : 4 mappings in 'requestMappingHandlerMapping'
2025-08-04T11:38:27.939+05:30 DEBUG 12900 --- [spbootdeployment] [main] o.s.w.s.handler.SimpleUrlHandlerMapping  : Patterns [/webjars/**, /**] in 'resourceHandlerMapping'
2025-08-04T11:38:27.956+05:30 DEBUG 12900 --- [spbootdeployment] [main] s.w.s.m.m.a.RequestMappingHandlerAdapter : ControllerAdvice beans: 0 @ModelAttribute, 0 @InitBinder, 1 RequestBodyAdvice, 1 ResponseBodyAdvice
2025-08-04T11:38:27.989+05:30 DEBUG 12900 --- [spbootdeployment] [main] .m.m.a.ExceptionHandlerExceptionResolver : ControllerAdvice beans: 0 @ExceptionHandler, 1 ResponseBodyAdvice
2025-08-04T11:38:28.075+05:30  INFO 12900 --- [spbootdeployment] [main] o.s.b.w.embedded.tomcat.TomcatWebServer  : Tomcat started on port 8080 (http) with context path '/'
2025-08-04T11:38:28.082+05:30  INFO 12900 --- [spbootdeployment] [main] c.e.s.SpbootdeploymentApplication        : Started SpbootdeploymentApplication in 8.636 seconds (process running for 9.234)
2025-08-04T11:50:04.135+05:30  WARN 12900 --- [spbootdeployment] [HikariPool-1:housekeeper] com.zaxxer.hikari.pool.HikariPool        : HikariPool-1 - Thread starvation or clock leap detected (housekeeper delta=3m8s295ms703µs800ns).
